<?xml version="1.0" encoding="UTF-8"?>
<testng-results ignored="3" total="5" passed="2" failed="0" skipped="0">
  <reporter-output>
  </reporter-output>
  <suite started-at="2026-01-11T23:38:32 IST" name="Suite" finished-at="2026-01-11T23:38:46 IST" duration-ms="13914">
    <groups>
      <group name="Purchase">
        <method signature="SubmitOrderTest.submitOrderTest(java.util.HashMap)[pri:0, instance:tests.SubmitOrderTest@1165b38]" name="submitOrderTest" class="tests.SubmitOrderTest"/>
      </group> <!-- Purchase -->
    </groups>
    <test started-at="2026-01-11T23:38:32 IST" name="ErrorValidationsTest" finished-at="2026-01-11T23:38:32 IST" duration-ms="15">
    </test> <!-- ErrorValidationsTest -->
    <test started-at="2026-01-11T23:38:32 IST" name="SubmitOrderTest" finished-at="2026-01-11T23:38:46 IST" duration-ms="13914">
      <class name="tests.SubmitOrderTest">
        <test-method is-config="true" signature="launchApplication()[pri:0, instance:tests.SubmitOrderTest@1165b38]" started-at="2026-01-11T23:38:32 IST" name="launchApplication" finished-at="2026-01-11T23:38:34 IST" duration-ms="2099" status="PASS">
          <reporter-output>
          </reporter-output>
        </test-method> <!-- launchApplication -->
        <test-method signature="submitOrderTest(java.util.HashMap)[pri:0, instance:tests.SubmitOrderTest@1165b38]" started-at="2026-01-11T23:38:34 IST" name="submitOrderTest" data-provider="getData" finished-at="2026-01-11T23:38:38 IST" duration-ms="3992" status="PASS">
          <params>
            <param index="0">
              <value>
                <![CDATA[{password=Sonal@sonar123, product=ZARA COAT 3, email=sonalsonar@gmail.com}]]>
              </value>
            </param>
          </params>
          <reporter-output>
          </reporter-output>
        </test-method> <!-- submitOrderTest -->
        <test-method is-config="true" signature="tearDown()[pri:0, instance:tests.SubmitOrderTest@1165b38]" started-at="2026-01-11T23:38:38 IST" name="tearDown" finished-at="2026-01-11T23:38:38 IST" duration-ms="159" status="PASS">
          <reporter-output>
          </reporter-output>
        </test-method> <!-- tearDown -->
        <test-method is-config="true" signature="launchApplication()[pri:0, instance:tests.SubmitOrderTest@1165b38]" started-at="2026-01-11T23:38:38 IST" name="launchApplication" finished-at="2026-01-11T23:38:42 IST" duration-ms="3136" status="PASS">
          <reporter-output>
          </reporter-output>
        </test-method> <!-- launchApplication -->
        <test-method signature="submitOrderTest(java.util.HashMap)[pri:0, instance:tests.SubmitOrderTest@1165b38]" started-at="2026-01-11T23:38:42 IST" name="submitOrderTest" data-provider="getData" finished-at="2026-01-11T23:38:46 IST" duration-ms="4002" status="PASS">
          <params>
            <param index="0">
              <value>
                <![CDATA[{password=Monal@monar123, product=ADIDAS ORIGINAL, email=monalmonar@gmail.com}]]>
              </value>
            </param>
          </params>
          <reporter-output>
          </reporter-output>
        </test-method> <!-- submitOrderTest -->
        <test-method is-config="true" signature="tearDown()[pri:0, instance:tests.SubmitOrderTest@1165b38]" started-at="2026-01-11T23:38:46 IST" name="tearDown" finished-at="2026-01-11T23:38:46 IST" duration-ms="174" status="PASS">
          <reporter-output>
          </reporter-output>
        </test-method> <!-- tearDown -->
      </class> <!-- tests.SubmitOrderTest -->
    </test> <!-- SubmitOrderTest -->
  </suite> <!-- Suite -->
</testng-results>
