<?xml version="1.0" encoding="UTF-8"?>
<!-- Generated by org.testng.reporters.JUnitXMLReporter -->
<testsuite ignored="1" hostname="DESKTOP-1KMI1OO" failures="0" tests="2" name="SubmitOrderTest" time="13.914" errors="0" timestamp="2026-01-11T23:38:46 IST">
  <testcase classname="tests.SubmitOrderTest" name="submitOrderTest" time="3.992"/>
  <testcase classname="tests.SubmitOrderTest" name="submitOrderTest" time="4.002"/>
  <testcase classname="tests.SubmitOrderTest" name="orderHistoryTest" time="0.0">
    <ignored/>
  </testcase> <!-- orderHistoryTest -->
</testsuite> <!-- SubmitOrderTest -->
