<?xml version="1.0" encoding="UTF-8"?>
<!-- Generated by org.testng.reporters.JUnitXMLReporter -->
<testsuite ignored="2" hostname="DESKTOP-1KMI1OO" failures="0" tests="0" time="0.015" errors="0" timestamp="2026-01-11T23:38:32 IST">
  <testcase classname="tests.ErrorValidations" name="LoginErrorTest" time="0.0">
    <ignored/>
  </testcase> <!-- LoginErrorTest -->
  <testcase classname="tests.ErrorValidations" name="submitOrderErrorTest" time="0.0">
    <ignored/>
  </testcase> <!-- submitOrderErrorTest -->
</testsuite>
