<?xml version="1.0" encoding="UTF-8"?>
<!-- Generated by org.testng.reporters.JUnitXMLReporter -->
<testsuite ignored="0" hostname="DESKTOP-1KMI1OO" failures="1" tests="1" name="Surefire test" time="0.038" errors="0" timestamp="2025-12-30T21:52:28 IST">
  <testcase classname="tests.SubmitOrderTest" name="submitOrderTest" time="0.004">
    <failure type="java.io.FileNotFoundException" message="D:\Java Automation Nov24\EcommerceFramework\EcommerceFramework\src\main\java\resources\GlobalData.properties (The system cannot find the path specified)">
      <![CDATA[java.io.FileNotFoundException: D:\Java Automation Nov24\EcommerceFramework\EcommerceFramework\src\main\java\resources\GlobalData.properties (The system cannot find the path specified)
at java.base/java.io.FileInputStream.open0(Native Method)
at java.base/java.io.FileInputStream.open(FileInputStream.java:213)
at java.base/java.io.FileInputStream.<init>(FileInputStream.java:152)
at java.base/java.io.FileInputStream.<init>(FileInputStream.java:106)
at testComponents.BaseTest.initializeDriver(BaseTest.java:22)
at testComponents.BaseTest.launchApplication(BaseTest.java:41)
at tests.SubmitOrderTest.submitOrderTest(SubmitOrderTest.java:52)
at java.base/java.util.ArrayList.forEach(ArrayList.java:1596)
... Removed 30 stack frames]]>
    </failure>
  </testcase> <!-- submitOrderTest -->
</testsuite> <!-- Surefire test -->
